#
# There is insufficient memory for the Java Runtime Environment to continue.
# Native memory allocation (malloc) failed to allocate 32744 bytes for ChunkPool::allocate
# Possible reasons:
#   The system is out of physical RAM or swap space
#   The process is running with CompressedOops enabled, and the Java Heap may be blocking the growth of the native heap
# Possible solutions:
#   Reduce memory load on the system
#   Increase physical memory or swap space
#   Check if swap backing store is full
#   Decrease Java heap size (-Xmx/-Xms)
#   Decrease number of Java threads
#   Decrease Java thread stack sizes (-Xss)
#   Set larger code cache with -XX:ReservedCodeCacheSize=
#   JVM is running with Unscaled Compressed Oops mode in which the Java heap is
#     placed in the first 4GB address space. The Java Heap base address is the
#     maximum limit for the native heap growth. Please use -XX:HeapBaseMinAddress
#     to set the Java Heap base and to place the Java Heap above 4GB virtual address.
# This output file may be truncated or incomplete.
#
#  Out of Memory Error (arena.cpp:78), pid=19748, tid=3348
#
# JRE version: Java(TM) SE Runtime Environment (17.0.8+9) (build 17.0.8+9-LTS-211)
# Java VM: Java HotSpot(TM) 64-Bit Server VM (17.0.8+9-LTS-211, mixed mode, sharing, tiered, compressed oops, compressed class ptrs, g1 gc, windows-amd64)
# No core dump will be written. Minidumps are not enabled by default on client versions of Windows
#

---------------  S U M M A R Y ------------

Command Line: -Dclassworlds.conf=C:\Program Files\NetBeans-18\netbeans\java\maven\bin\m2.conf -Dmaven.home=C:\Program Files\NetBeans-18\netbeans\java\maven -Dlibrary.jansi.path=C:\Program Files\NetBeans-18\netbeans\java\maven\lib\jansi-native -Dmaven.multiModuleProjectDirectory=C:\Users\MINEDUCYT\Documents\NetBeansProjects\JWT-authentication.JAVA\MavenD.Web org.codehaus.plexus.classworlds.launcher.Launcher -Dmaven.ext.class.path=C:\Program Files\NetBeans-18\netbeans\java\maven-nblib\netbeans-eventspy.jar -Dfile.encoding=UTF-8 --no-transfer-progress clean install

Host: Intel(R) Celeron(R) N5100 @ 1.10GHz, 4 cores, 3G,  Windows 10 , 64 bit Build 19041 (10.0.19041.2546)
Time: Thu Aug 31 19:42:01 2023 Hora estándar, América Central elapsed time: 35.071166 seconds (0d 0h 0m 35s)

---------------  T H R E A D  ---------------

Current thread (0x0000027fea055bc0):  JavaThread "C2 CompilerThread0" daemon [_thread_in_native, id=3348, stack(0x0000009ba4400000,0x0000009ba4500000)]


Current CompileTask:
C2:  35071 6567   !   4       org.apache.maven.model.Model::clone (502 bytes)

Stack: [0x0000009ba4400000,0x0000009ba4500000]
Native frames: (J=compiled Java code, j=interpreted, Vv=VM code, C=native code)
V  [jvm.dll+0x677d0a]
V  [jvm.dll+0x7d8c54]
V  [jvm.dll+0x7da3fe]
V  [jvm.dll+0x7daa63]
V  [jvm.dll+0x245c5f]
V  [jvm.dll+0xaacc0]
V  [jvm.dll+0xab00c]
V  [jvm.dll+0x367119]
V  [jvm.dll+0x5624f8]
V  [jvm.dll+0x561535]
V  [jvm.dll+0x561e2b]
V  [jvm.dll+0x32c580]
V  [jvm.dll+0x32b9ea]
V  [jvm.dll+0x217fff]
V  [jvm.dll+0x217431]
V  [jvm.dll+0x1a3af0]
V  [jvm.dll+0x2270be]
V  [jvm.dll+0x22535b]
V  [jvm.dll+0x78e7bc]
V  [jvm.dll+0x788bba]
V  [jvm.dll+0x676b35]
C  [ucrtbase.dll+0x21bb2]
C  [KERNEL32.DLL+0x17614]
C  [ntdll.dll+0x526a1]


---------------  P R O C E S S  ---------------

Threads class SMR info:
_java_thread_list=0x0000027ffb1f0af0, length=12, elements={
0x0000027fe7fbafe0, 0x0000027fea038c70, 0x0000027fea03baf0, 0x0000027fea053120,
0x0000027fea053ad0, 0x0000027fea054480, 0x0000027fea054e30, 0x0000027fea055bc0,
0x0000027fea057080, 0x0000027fea05d200, 0x0000027ff63250c0, 0x0000027ff632de10
}

Java Threads: ( => current thread )
  0x0000027fe7fbafe0 JavaThread "main" [_thread_in_native, id=16252, stack(0x0000009ba3600000,0x0000009ba3700000)]
  0x0000027fea038c70 JavaThread "Reference Handler" daemon [_thread_blocked, id=13828, stack(0x0000009ba3e00000,0x0000009ba3f00000)]
  0x0000027fea03baf0 JavaThread "Finalizer" daemon [_thread_blocked, id=12804, stack(0x0000009ba3f00000,0x0000009ba4000000)]
  0x0000027fea053120 JavaThread "Signal Dispatcher" daemon [_thread_blocked, id=15716, stack(0x0000009ba4000000,0x0000009ba4100000)]
  0x0000027fea053ad0 JavaThread "Attach Listener" daemon [_thread_blocked, id=8236, stack(0x0000009ba4100000,0x0000009ba4200000)]
  0x0000027fea054480 JavaThread "Service Thread" daemon [_thread_blocked, id=10124, stack(0x0000009ba4200000,0x0000009ba4300000)]
  0x0000027fea054e30 JavaThread "Monitor Deflation Thread" daemon [_thread_blocked, id=11720, stack(0x0000009ba4300000,0x0000009ba4400000)]
=>0x0000027fea055bc0 JavaThread "C2 CompilerThread0" daemon [_thread_in_native, id=3348, stack(0x0000009ba4400000,0x0000009ba4500000)]
  0x0000027fea057080 JavaThread "C1 CompilerThread0" daemon [_thread_blocked, id=19248, stack(0x0000009ba4500000,0x0000009ba4600000)]
  0x0000027fea05d200 JavaThread "Sweeper thread" daemon [_thread_blocked, id=12284, stack(0x0000009ba4600000,0x0000009ba4700000)]
  0x0000027ff63250c0 JavaThread "Notification Thread" daemon [_thread_blocked, id=10444, stack(0x0000009ba4700000,0x0000009ba4800000)]
  0x0000027ff632de10 JavaThread "Common-Cleaner" daemon [_thread_blocked, id=17516, stack(0x0000009ba4900000,0x0000009ba4a00000)]

Other Threads:
  0x0000027fea0321c0 VMThread "VM Thread" [stack: 0x0000009ba3d00000,0x0000009ba3e00000] [id=19404]
  0x0000027ff632b5b0 WatcherThread [stack: 0x0000009ba4800000,0x0000009ba4900000] [id=17940]
  0x0000027fe9fbb370 GCTaskThread "GC Thread#0" [stack: 0x0000009ba3800000,0x0000009ba3900000] [id=15136]
  0x0000027ff635cb80 GCTaskThread "GC Thread#1" [stack: 0x0000009ba4b00000,0x0000009ba4c00000] [id=5012]
  0x0000027ff6b7d790 GCTaskThread "GC Thread#2" [stack: 0x0000009ba4c00000,0x0000009ba4d00000] [id=19696]
  0x0000027ff6b7da40 GCTaskThread "GC Thread#3" [stack: 0x0000009ba4d00000,0x0000009ba4e00000] [id=6240]
  0x0000027fe9fc3c70 ConcurrentGCThread "G1 Main Marker" [stack: 0x0000009ba3900000,0x0000009ba3a00000] [id=17140]
  0x0000027fe9fc4680 ConcurrentGCThread "G1 Conc#0" [stack: 0x0000009ba3a00000,0x0000009ba3b00000] [id=20312]
  0x0000027fea002730 ConcurrentGCThread "G1 Refine#0" [stack: 0x0000009ba3b00000,0x0000009ba3c00000] [id=11132]
  0x0000027fea003150 ConcurrentGCThread "G1 Service" [stack: 0x0000009ba3c00000,0x0000009ba3d00000] [id=19296]

Threads with active compile tasks:
C2 CompilerThread0    35156 6567   !   4       org.apache.maven.model.Model::clone (502 bytes)

VM state: not at safepoint (normal execution)

VM Mutex/Monitor currently owned by a thread: None

Heap address: 0x00000000c3200000, size: 974 MB, Compressed Oops mode: 32-bit

CDS archive(s) mapped at: [0x0000027f8f000000-0x0000027f8fbd0000-0x0000027f8fbd0000), size 12386304, SharedBaseAddress: 0x0000027f8f000000, ArchiveRelocationMode: 1.
Compressed class space mapped at: 0x0000027f90000000-0x0000027fd0000000, reserved size: 1073741824
Narrow klass base: 0x0000027f8f000000, Narrow klass shift: 0, Narrow klass range: 0x100000000

GC Precious Log:
 CPUs: 4 total, 4 available
 Memory: 3892M
 Large Page Support: Disabled
 NUMA Support: Disabled
 Compressed Oops: Enabled (32-bit)
 Heap Region Size: 1M
 Heap Min Capacity: 8M
 Heap Initial Capacity: 62M
 Heap Max Capacity: 974M
 Pre-touch: Disabled
 Parallel Workers: 4
 Concurrent Workers: 1
 Concurrent Refinement Workers: 4
 Periodic GC: Disabled

Heap:
 garbage-first heap   total 45056K, used 30052K [0x00000000c3200000, 0x0000000100000000)
  region size 1024K, 13 young (13312K), 2 survivors (2048K)
 Metaspace       used 27012K, committed 27264K, reserved 1114112K
  class space    used 3095K, committed 3200K, reserved 1048576K

Heap Regions: E=young(eden), S=young(survivor), O=old, HS=humongous(starts), HC=humongous(continues), CS=collection set, F=free, OA=open archive, CA=closed archive, TAMS=top-at-mark-start (previous, next)
|   0|0x00000000c3200000, 0x00000000c3300000, 0x00000000c3300000|100%| O|  |TAMS 0x00000000c3300000, 0x00000000c3200000| Untracked 
|   1|0x00000000c3300000, 0x00000000c3400000, 0x00000000c3400000|100%| O|  |TAMS 0x00000000c3400000, 0x00000000c3300000| Untracked 
|   2|0x00000000c3400000, 0x00000000c3500000, 0x00000000c3500000|100%| O|  |TAMS 0x00000000c3500000, 0x00000000c3400000| Untracked 
|   3|0x00000000c3500000, 0x00000000c3600000, 0x00000000c3600000|100%| O|  |TAMS 0x00000000c3600000, 0x00000000c3500000| Untracked 
|   4|0x00000000c3600000, 0x00000000c3700000, 0x00000000c3700000|100%| O|  |TAMS 0x00000000c3622800, 0x00000000c3600000| Untracked 
|   5|0x00000000c3700000, 0x00000000c3800000, 0x00000000c3800000|100%| O|  |TAMS 0x00000000c3700000, 0x00000000c3700000| Untracked 
|   6|0x00000000c3800000, 0x00000000c3900000, 0x00000000c3900000|100%| O|  |TAMS 0x00000000c3800000, 0x00000000c3800000| Untracked 
|   7|0x00000000c3900000, 0x00000000c3a00000, 0x00000000c3a00000|100%| O|  |TAMS 0x00000000c3900000, 0x00000000c3900000| Untracked 
|   8|0x00000000c3a00000, 0x00000000c3b00000, 0x00000000c3b00000|100%| O|  |TAMS 0x00000000c3a00000, 0x00000000c3a00000| Untracked 
|   9|0x00000000c3b00000, 0x00000000c3b30800, 0x00000000c3c00000| 18%| O|  |TAMS 0x00000000c3b00000, 0x00000000c3b00000| Untracked 
|  10|0x00000000c3c00000, 0x00000000c3d00000, 0x00000000c3d00000|100%| O|  |TAMS 0x00000000c3c00000, 0x00000000c3c00000| Untracked 
|  11|0x00000000c3d00000, 0x00000000c3e00000, 0x00000000c3e00000|100%| O|  |TAMS 0x00000000c3d00000, 0x00000000c3d00000| Untracked 
|  12|0x00000000c3e00000, 0x00000000c3f00000, 0x00000000c3f00000|100%| O|  |TAMS 0x00000000c3e00000, 0x00000000c3e00000| Untracked 
|  13|0x00000000c3f00000, 0x00000000c4000000, 0x00000000c4000000|100%| O|  |TAMS 0x00000000c3f00000, 0x00000000c3f00000| Untracked 
|  14|0x00000000c4000000, 0x00000000c4100000, 0x00000000c4100000|100%| O|  |TAMS 0x00000000c4000000, 0x00000000c4000000| Untracked 
|  15|0x00000000c4100000, 0x00000000c4200000, 0x00000000c4200000|100%| O|  |TAMS 0x00000000c4100000, 0x00000000c4100000| Untracked 
|  16|0x00000000c4200000, 0x00000000c4300000, 0x00000000c4300000|100%| O|  |TAMS 0x00000000c4200000, 0x00000000c4200000| Untracked 
|  17|0x00000000c4300000, 0x00000000c4400000, 0x00000000c4400000|100%| O|  |TAMS 0x00000000c4300000, 0x00000000c4300000| Untracked 
|  18|0x00000000c4400000, 0x00000000c4428800, 0x00000000c4500000| 15%| O|  |TAMS 0x00000000c4400000, 0x00000000c4400000| Untracked 
|  19|0x00000000c4500000, 0x00000000c4500000, 0x00000000c4600000|  0%| F|  |TAMS 0x00000000c4500000, 0x00000000c4500000| Untracked 
|  20|0x00000000c4600000, 0x00000000c4600000, 0x00000000c4700000|  0%| F|  |TAMS 0x00000000c4600000, 0x00000000c4600000| Untracked 
|  21|0x00000000c4700000, 0x00000000c4700000, 0x00000000c4800000|  0%| F|  |TAMS 0x00000000c4700000, 0x00000000c4700000| Untracked 
|  22|0x00000000c4800000, 0x00000000c4800000, 0x00000000c4900000|  0%| F|  |TAMS 0x00000000c4800000, 0x00000000c4800000| Untracked 
|  23|0x00000000c4900000, 0x00000000c4900000, 0x00000000c4a00000|  0%| F|  |TAMS 0x00000000c4900000, 0x00000000c4900000| Untracked 
|  24|0x00000000c4a00000, 0x00000000c4a00000, 0x00000000c4b00000|  0%| F|  |TAMS 0x00000000c4a00000, 0x00000000c4a00000| Untracked 
|  25|0x00000000c4b00000, 0x00000000c4b00000, 0x00000000c4c00000|  0%| F|  |TAMS 0x00000000c4b00000, 0x00000000c4b00000| Untracked 
|  26|0x00000000c4c00000, 0x00000000c4d00000, 0x00000000c4d00000|100%| S|CS|TAMS 0x00000000c4c00000, 0x00000000c4c00000| Complete 
|  27|0x00000000c4d00000, 0x00000000c4e00000, 0x00000000c4e00000|100%| S|CS|TAMS 0x00000000c4d00000, 0x00000000c4d00000| Complete 
|  28|0x00000000c4e00000, 0x00000000c4e00000, 0x00000000c4f00000|  0%| F|  |TAMS 0x00000000c4e00000, 0x00000000c4e00000| Untracked 
|  29|0x00000000c4f00000, 0x00000000c4f00000, 0x00000000c5000000|  0%| F|  |TAMS 0x00000000c4f00000, 0x00000000c4f00000| Untracked 
|  30|0x00000000c5000000, 0x00000000c5000000, 0x00000000c5100000|  0%| F|  |TAMS 0x00000000c5000000, 0x00000000c5000000| Untracked 
|  31|0x00000000c5100000, 0x00000000c5100000, 0x00000000c5200000|  0%| F|  |TAMS 0x00000000c5100000, 0x00000000c5100000| Untracked 
|  32|0x00000000c5200000, 0x00000000c5200000, 0x00000000c5300000|  0%| F|  |TAMS 0x00000000c5200000, 0x00000000c5200000| Untracked 
|  33|0x00000000c5300000, 0x00000000c5352780, 0x00000000c5400000| 32%| E|  |TAMS 0x00000000c5300000, 0x00000000c5300000| Complete 
|  34|0x00000000c5400000, 0x00000000c5500000, 0x00000000c5500000|100%| E|CS|TAMS 0x00000000c5400000, 0x00000000c5400000| Complete 
|  35|0x00000000c5500000, 0x00000000c5600000, 0x00000000c5600000|100%| E|CS|TAMS 0x00000000c5500000, 0x00000000c5500000| Complete 
|  36|0x00000000c5600000, 0x00000000c5700000, 0x00000000c5700000|100%| E|CS|TAMS 0x00000000c5600000, 0x00000000c5600000| Complete 
|  37|0x00000000c5700000, 0x00000000c5800000, 0x00000000c5800000|100%| E|CS|TAMS 0x00000000c5700000, 0x00000000c5700000| Complete 
|  38|0x00000000c5800000, 0x00000000c5900000, 0x00000000c5900000|100%| E|CS|TAMS 0x00000000c5800000, 0x00000000c5800000| Complete 
|  39|0x00000000c5900000, 0x00000000c5a00000, 0x00000000c5a00000|100%| E|CS|TAMS 0x00000000c5900000, 0x00000000c5900000| Complete 
|  40|0x00000000c5a00000, 0x00000000c5b00000, 0x00000000c5b00000|100%| E|CS|TAMS 0x00000000c5a00000, 0x00000000c5a00000| Complete 
|  52|0x00000000c6600000, 0x00000000c6700000, 0x00000000c6700000|100%| E|CS|TAMS 0x00000000c6600000, 0x00000000c6600000| Complete 
|  53|0x00000000c6700000, 0x00000000c6800000, 0x00000000c6800000|100%| E|CS|TAMS 0x00000000c6700000, 0x00000000c6700000| Complete 
|  61|0x00000000c6f00000, 0x00000000c7000000, 0x00000000c7000000|100%| E|CS|TAMS 0x00000000c6f00000, 0x00000000c6f00000| Complete 

Card table byte_map: [0x0000027ff1a20000,0x0000027ff1c10000] _byte_map_base: 0x0000027ff1407000

Marking Bits (Prev, Next): (CMBitMap*) 0x0000027fe9fbb9c0, (CMBitMap*) 0x0000027fe9fbb980
 Prev Bits: [0x0000027ff2d40000, 0x0000027ff3c78000)
 Next Bits: [0x0000027ff1e00000, 0x0000027ff2d38000)

Polling page: 0x0000027fe7e60000

Metaspace:

Usage:
  Non-class:     23.36 MB used.
      Class:      3.02 MB used.
       Both:     26.38 MB used.

Virtual space:
  Non-class space:       64.00 MB reserved,      23.50 MB ( 37%) committed,  1 nodes.
      Class space:        1.00 GB reserved,       3.12 MB ( <1%) committed,  1 nodes.
             Both:        1.06 GB reserved,      26.62 MB (  2%) committed. 

Chunk freelists:
   Non-Class:  8.02 MB
       Class:  12.82 MB
        Both:  20.83 MB

MaxMetaspaceSize: unlimited
CompressedClassSpaceSize: 1.00 GB
Initial GC threshold: 21.00 MB
Current GC threshold: 35.25 MB
CDS: on
MetaspaceReclaimPolicy: balanced
 - commit_granule_bytes: 65536.
 - commit_granule_words: 8192.
 - virtual_space_node_default_size: 8388608.
 - enlarge_chunks_in_place: 1.
 - new_chunks_are_fully_committed: 0.
 - uncommit_free_chunks: 1.
 - use_allocation_guard: 0.
 - handle_deallocations: 1.


Internal statistics:

num_allocs_failed_limit: 3.
num_arena_births: 154.
num_arena_deaths: 0.
num_vsnodes_births: 2.
num_vsnodes_deaths: 0.
num_space_committed: 426.
num_space_uncommitted: 0.
num_chunks_returned_to_freelist: 3.
num_chunks_taken_from_freelist: 968.
num_chunk_merges: 0.
num_chunk_splits: 649.
num_chunks_enlarged: 498.
num_purges: 0.
num_inconsistent_stats: 0.

CodeHeap 'non-profiled nmethods': size=120000Kb used=2711Kb max_used=2769Kb free=117288Kb
 bounds [0x0000027f87ad0000, 0x0000027f87da0000, 0x0000027f8f000000]
CodeHeap 'profiled nmethods': size=120000Kb used=12182Kb max_used=13522Kb free=107817Kb
 bounds [0x0000027f80000000, 0x0000027f80d50000, 0x0000027f87530000]
CodeHeap 'non-nmethods': size=5760Kb used=1244Kb max_used=1286Kb free=4515Kb
 bounds [0x0000027f87530000, 0x0000027f877a0000, 0x0000027f87ad0000]
 total_blobs=6234 nmethods=5687 adapters=460
 compilation: enabled
              stopped_count=0, restarted_count=0
 full_count=0

Compilation events (20 events):
Event: 35.022 Thread 0x0000027fea057080 6602       3       java.util.IdentityHashMap::unmaskNull (13 bytes)
Event: 35.022 Thread 0x0000027fea057080 nmethod 6602 0x0000027f80814910 code [0x0000027f80814aa0, 0x0000027f80814bf8]
Event: 35.022 Thread 0x0000027fea057080 6603       3       java.util.IdentityHashMap$KeyIterator::next (13 bytes)
Event: 35.023 Thread 0x0000027fea057080 nmethod 6603 0x0000027f80ca9610 code [0x0000027f80ca97c0, 0x0000027f80ca9a68]
Event: 35.023 Thread 0x0000027fea057080 6613       1       org.eclipse.aether.graph.DefaultDependencyNode::getRepositories (5 bytes)
Event: 35.023 Thread 0x0000027fea057080 nmethod 6613 0x0000027f87d34f10 code [0x0000027f87d350a0, 0x0000027f87d35178]
Event: 35.023 Thread 0x0000027fea057080 6614       1       org.eclipse.aether.internal.impl.ArtifactRequestBuilder::visitLeave (2 bytes)
Event: 35.023 Thread 0x0000027fea057080 nmethod 6614 0x0000027f87d34a90 code [0x0000027f87d34c20, 0x0000027f87d34cf8]
Event: 35.023 Thread 0x0000027fea057080 6600       3       org.eclipse.aether.util.graph.transformer.ConflictMarker::getKeys (191 bytes)
Event: 35.027 Thread 0x0000027fea057080 nmethod 6600 0x0000027f80696090 code [0x0000027f80696460, 0x0000027f80698508]
Event: 35.027 Thread 0x0000027fea057080 6608       1       org.eclipse.aether.util.graph.transformer.ConflictResolver$ConflictContext::setWinner (6 bytes)
Event: 35.028 Thread 0x0000027fea057080 nmethod 6608 0x0000027f87d3a290 code [0x0000027f87d3a420, 0x0000027f87d3a538]
Event: 35.028 Thread 0x0000027fea057080 6609       1       org.eclipse.aether.util.graph.transformer.ConflictResolver$ConflictContext::getWinner (5 bytes)
Event: 35.028 Thread 0x0000027fea057080 nmethod 6609 0x0000027f87d39e10 code [0x0000027f87d39fa0, 0x0000027f87d3a078]
Event: 35.028 Thread 0x0000027fea057080 6610       1       org.eclipse.aether.util.graph.transformer.ConflictResolver$ConflictContext::setScope (6 bytes)
Event: 35.028 Thread 0x0000027fea057080 nmethod 6610 0x0000027f87b3f810 code [0x0000027f87b3f9a0, 0x0000027f87b3fab8]
Event: 35.028 Thread 0x0000027fea057080 6611       1       org.eclipse.aether.util.graph.transformer.ConflictResolver$ConflictContext::setOptional (6 bytes)
Event: 35.028 Thread 0x0000027fea057080 nmethod 6611 0x0000027f87b3f290 code [0x0000027f87b3f420, 0x0000027f87b3f538]
Event: 35.029 Thread 0x0000027fea057080 6597       3       org.eclipse.aether.internal.impl.collect.DataPool$HardInternPool$$Lambda$185/0x0000027f902ce810::apply (9 bytes)
Event: 35.029 Thread 0x0000027fea057080 nmethod 6597 0x0000027f80689890 code [0x0000027f80689a20, 0x0000027f80689b78]

GC Heap History (20 events):
Event: 12.269 GC heap before
{Heap before GC invocations=7 (full 0):
 garbage-first heap   total 45056K, used 28231K [0x00000000c3200000, 0x0000000100000000)
  region size 1024K, 20 young (20480K), 4 survivors (4096K)
 Metaspace       used 23012K, committed 23168K, reserved 1114112K
  class space    used 2732K, committed 2816K, reserved 1048576K
}
Event: 12.279 GC heap after
{Heap after GC invocations=8 (full 0):
 garbage-first heap   total 45056K, used 13804K [0x00000000c3200000, 0x0000000100000000)
  region size 1024K, 1 young (1024K), 1 survivors (1024K)
 Metaspace       used 23012K, committed 23168K, reserved 1114112K
  class space    used 2732K, committed 2816K, reserved 1048576K
}
Event: 15.680 GC heap before
{Heap before GC invocations=8 (full 0):
 garbage-first heap   total 45056K, used 29164K [0x00000000c3200000, 0x0000000100000000)
  region size 1024K, 17 young (17408K), 1 survivors (1024K)
 Metaspace       used 23429K, committed 23680K, reserved 1114112K
  class space    used 2747K, committed 2880K, reserved 1048576K
}
Event: 15.685 GC heap after
{Heap after GC invocations=9 (full 0):
 garbage-first heap   total 45056K, used 14307K [0x00000000c3200000, 0x0000000100000000)
  region size 1024K, 2 young (2048K), 2 survivors (2048K)
 Metaspace       used 23429K, committed 23680K, reserved 1114112K
  class space    used 2747K, committed 2880K, reserved 1048576K
}
Event: 17.571 GC heap before
{Heap before GC invocations=9 (full 0):
 garbage-first heap   total 45056K, used 30691K [0x00000000c3200000, 0x0000000100000000)
  region size 1024K, 18 young (18432K), 2 survivors (2048K)
 Metaspace       used 24089K, committed 24384K, reserved 1114112K
  class space    used 2815K, committed 2944K, reserved 1048576K
}
Event: 17.577 GC heap after
{Heap after GC invocations=10 (full 0):
 garbage-first heap   total 45056K, used 14959K [0x00000000c3200000, 0x0000000100000000)
  region size 1024K, 3 young (3072K), 3 survivors (3072K)
 Metaspace       used 24089K, committed 24384K, reserved 1114112K
  class space    used 2815K, committed 2944K, reserved 1048576K
}
Event: 20.201 GC heap before
{Heap before GC invocations=10 (full 0):
 garbage-first heap   total 45056K, used 31343K [0x00000000c3200000, 0x0000000100000000)
  region size 1024K, 19 young (19456K), 3 survivors (3072K)
 Metaspace       used 24248K, committed 24576K, reserved 1114112K
  class space    used 2815K, committed 2944K, reserved 1048576K
}
Event: 20.209 GC heap after
{Heap after GC invocations=11 (full 0):
 garbage-first heap   total 45056K, used 15368K [0x00000000c3200000, 0x0000000100000000)
  region size 1024K, 2 young (2048K), 2 survivors (2048K)
 Metaspace       used 24248K, committed 24576K, reserved 1114112K
  class space    used 2815K, committed 2944K, reserved 1048576K
}
Event: 23.574 GC heap before
{Heap before GC invocations=11 (full 0):
 garbage-first heap   total 45056K, used 33800K [0x00000000c3200000, 0x0000000100000000)
  region size 1024K, 20 young (20480K), 2 survivors (2048K)
 Metaspace       used 24442K, committed 24704K, reserved 1114112K
  class space    used 2817K, committed 2944K, reserved 1048576K
}
Event: 23.579 GC heap after
{Heap after GC invocations=12 (full 0):
 garbage-first heap   total 45056K, used 16084K [0x00000000c3200000, 0x0000000100000000)
  region size 1024K, 2 young (2048K), 2 survivors (2048K)
 Metaspace       used 24442K, committed 24704K, reserved 1114112K
  class space    used 2817K, committed 2944K, reserved 1048576K
}
Event: 27.048 GC heap before
{Heap before GC invocations=12 (full 0):
 garbage-first heap   total 45056K, used 32468K [0x00000000c3200000, 0x0000000100000000)
  region size 1024K, 19 young (19456K), 2 survivors (2048K)
 Metaspace       used 24599K, committed 24896K, reserved 1114112K
  class space    used 2818K, committed 2944K, reserved 1048576K
}
Event: 27.053 GC heap after
{Heap after GC invocations=13 (full 0):
 garbage-first heap   total 45056K, used 16610K [0x00000000c3200000, 0x0000000100000000)
  region size 1024K, 2 young (2048K), 2 survivors (2048K)
 Metaspace       used 24599K, committed 24896K, reserved 1114112K
  class space    used 2818K, committed 2944K, reserved 1048576K
}
Event: 29.673 GC heap before
{Heap before GC invocations=13 (full 0):
 garbage-first heap   total 45056K, used 34018K [0x00000000c3200000, 0x0000000100000000)
  region size 1024K, 19 young (19456K), 2 survivors (2048K)
 Metaspace       used 24716K, committed 24960K, reserved 1114112K
  class space    used 2818K, committed 2944K, reserved 1048576K
}
Event: 29.677 GC heap after
{Heap after GC invocations=14 (full 0):
 garbage-first heap   total 45056K, used 17058K [0x00000000c3200000, 0x0000000100000000)
  region size 1024K, 3 young (3072K), 3 survivors (3072K)
 Metaspace       used 24716K, committed 24960K, reserved 1114112K
  class space    used 2818K, committed 2944K, reserved 1048576K
}
Event: 30.650 GC heap before
{Heap before GC invocations=14 (full 0):
 garbage-first heap   total 45056K, used 33442K [0x00000000c3200000, 0x0000000100000000)
  region size 1024K, 20 young (20480K), 3 survivors (3072K)
 Metaspace       used 25660K, committed 25920K, reserved 1114112K
  class space    used 2967K, committed 3072K, reserved 1048576K
}
Event: 30.657 GC heap after
{Heap after GC invocations=15 (full 0):
 garbage-first heap   total 45056K, used 17878K [0x00000000c3200000, 0x0000000100000000)
  region size 1024K, 3 young (3072K), 3 survivors (3072K)
 Metaspace       used 25660K, committed 25920K, reserved 1114112K
  class space    used 2967K, committed 3072K, reserved 1048576K
}
Event: 33.350 GC heap before
{Heap before GC invocations=15 (full 0):
 garbage-first heap   total 45056K, used 35286K [0x00000000c3200000, 0x0000000100000000)
  region size 1024K, 20 young (20480K), 3 survivors (3072K)
 Metaspace       used 26741K, committed 27072K, reserved 1114112K
  class space    used 3078K, committed 3200K, reserved 1048576K
}
Event: 33.361 GC heap after
{Heap after GC invocations=16 (full 0):
 garbage-first heap   total 45056K, used 18929K [0x00000000c3200000, 0x0000000100000000)
  region size 1024K, 3 young (3072K), 3 survivors (3072K)
 Metaspace       used 26741K, committed 27072K, reserved 1114112K
  class space    used 3078K, committed 3200K, reserved 1048576K
}
Event: 33.920 GC heap before
{Heap before GC invocations=16 (full 0):
 garbage-first heap   total 45056K, used 35313K [0x00000000c3200000, 0x0000000100000000)
  region size 1024K, 19 young (19456K), 3 survivors (3072K)
 Metaspace       used 26969K, committed 27264K, reserved 1114112K
  class space    used 3095K, committed 3200K, reserved 1048576K
}
Event: 33.929 GC heap after
{Heap after GC invocations=17 (full 0):
 garbage-first heap   total 45056K, used 19812K [0x00000000c3200000, 0x0000000100000000)
  region size 1024K, 2 young (2048K), 2 survivors (2048K)
 Metaspace       used 26969K, committed 27264K, reserved 1114112K
  class space    used 3095K, committed 3200K, reserved 1048576K
}

Deoptimization events (20 events):
Event: 30.960 Thread 0x0000027fe7fbafe0 Uncommon trap: trap_request=0xffffff45 fr.pc=0x0000027f87d41cd0 relative=0x00000000000009f0
Event: 30.960 Thread 0x0000027fe7fbafe0 Uncommon trap: reason=unstable_if action=reinterpret pc=0x0000027f87d41cd0 method=org.apache.maven.model.Contributor.clone()Lorg/apache/maven/model/Contributor; @ 44 c2
Event: 30.960 Thread 0x0000027fe7fbafe0 DEOPT PACKING pc=0x0000027f87d41cd0 sp=0x0000009ba36fd100
Event: 30.960 Thread 0x0000027fe7fbafe0 DEOPT UNPACKING pc=0x0000027f8758239d sp=0x0000009ba36fd0f0 mode 2
Event: 31.482 Thread 0x0000027fe7fbafe0 DEOPT PACKING pc=0x0000027f80cabd2d sp=0x0000009ba36fc510
Event: 31.482 Thread 0x0000027fe7fbafe0 DEOPT UNPACKING pc=0x0000027f87582b24 sp=0x0000009ba36fba18 mode 0
Event: 31.861 Thread 0x0000027fe7fbafe0 DEOPT PACKING pc=0x0000027f80cabd2d sp=0x0000009ba36fc200
Event: 31.861 Thread 0x0000027fe7fbafe0 DEOPT UNPACKING pc=0x0000027f87582b24 sp=0x0000009ba36fb708 mode 0
Event: 31.863 Thread 0x0000027fe7fbafe0 DEOPT PACKING pc=0x0000027f80cabd2d sp=0x0000009ba36fc200
Event: 31.863 Thread 0x0000027fe7fbafe0 DEOPT UNPACKING pc=0x0000027f87582b24 sp=0x0000009ba36fb708 mode 0
Event: 31.865 Thread 0x0000027fe7fbafe0 Uncommon trap: trap_request=0xffffff3d fr.pc=0x0000027f87d00228 relative=0x0000000000000368
Event: 31.865 Thread 0x0000027fe7fbafe0 Uncommon trap: reason=unstable_fused_if action=reinterpret pc=0x0000027f87d00228 method=java.io.WinNTFileSystem.isLetter(C)Z @ 15 c2
Event: 31.865 Thread 0x0000027fe7fbafe0 DEOPT PACKING pc=0x0000027f87d00228 sp=0x0000009ba36fc870
Event: 31.865 Thread 0x0000027fe7fbafe0 DEOPT UNPACKING pc=0x0000027f8758239d sp=0x0000009ba36fc780 mode 2
Event: 33.541 Thread 0x0000027fe7fbafe0 DEOPT PACKING pc=0x0000027f80cabd2d sp=0x0000009ba36fcf30
Event: 33.541 Thread 0x0000027fe7fbafe0 DEOPT UNPACKING pc=0x0000027f87582b24 sp=0x0000009ba36fc438 mode 0
Event: 33.914 Thread 0x0000027fe7fbafe0 Uncommon trap: trap_request=0xffffff45 fr.pc=0x0000027f87af9c2c relative=0x000000000000056c
Event: 33.914 Thread 0x0000027fe7fbafe0 Uncommon trap: reason=unstable_if action=reinterpret pc=0x0000027f87af9c2c method=java.lang.AbstractStringBuilder.append(Ljava/lang/String;)Ljava/lang/AbstractStringBuilder; @ 1 c2
Event: 33.914 Thread 0x0000027fe7fbafe0 DEOPT PACKING pc=0x0000027f87af9c2c sp=0x0000009ba36fbbd0
Event: 33.914 Thread 0x0000027fe7fbafe0 DEOPT UNPACKING pc=0x0000027f8758239d sp=0x0000009ba36fbba8 mode 2

Classes unloaded (0 events):
No events

Classes redefined (0 events):
No events

Internal exceptions (20 events):
Event: 35.009 Thread 0x0000027fe7fbafe0 Exception <a 'sun/nio/fs/WindowsException'{0x00000000c541e0d8}> (0x00000000c541e0d8) 
thrown [s\open\src\hotspot\share\prims\jni.cpp, line 516]
Event: 35.055 Thread 0x0000027fe7fbafe0 Exception <a 'sun/nio/fs/WindowsException'{0x00000000c531c1f8}> (0x00000000c531c1f8) 
thrown [s\open\src\hotspot\share\prims\jni.cpp, line 516]
Event: 35.055 Thread 0x0000027fe7fbafe0 Exception <a 'sun/nio/fs/WindowsException'{0x00000000c531c5b0}> (0x00000000c531c5b0) 
thrown [s\open\src\hotspot\share\prims\jni.cpp, line 516]
Event: 35.056 Thread 0x0000027fe7fbafe0 Exception <a 'sun/nio/fs/WindowsException'{0x00000000c531ecf8}> (0x00000000c531ecf8) 
thrown [s\open\src\hotspot\share\prims\jni.cpp, line 516]
Event: 35.056 Thread 0x0000027fe7fbafe0 Exception <a 'sun/nio/fs/WindowsException'{0x00000000c531f170}> (0x00000000c531f170) 
thrown [s\open\src\hotspot\share\prims\jni.cpp, line 516]
Event: 35.057 Thread 0x0000027fe7fbafe0 Exception <a 'sun/nio/fs/WindowsException'{0x00000000c5321800}> (0x00000000c5321800) 
thrown [s\open\src\hotspot\share\prims\jni.cpp, line 516]
Event: 35.057 Thread 0x0000027fe7fbafe0 Exception <a 'sun/nio/fs/WindowsException'{0x00000000c5321c18}> (0x00000000c5321c18) 
thrown [s\open\src\hotspot\share\prims\jni.cpp, line 516]
Event: 35.057 Thread 0x0000027fe7fbafe0 Exception <a 'sun/nio/fs/WindowsException'{0x00000000c5324158}> (0x00000000c5324158) 
thrown [s\open\src\hotspot\share\prims\jni.cpp, line 516]
Event: 35.057 Thread 0x0000027fe7fbafe0 Exception <a 'sun/nio/fs/WindowsException'{0x00000000c5324510}> (0x00000000c5324510) 
thrown [s\open\src\hotspot\share\prims\jni.cpp, line 516]
Event: 35.058 Thread 0x0000027fe7fbafe0 Exception <a 'sun/nio/fs/WindowsException'{0x00000000c5326810}> (0x00000000c5326810) 
thrown [s\open\src\hotspot\share\prims\jni.cpp, line 516]
Event: 35.058 Thread 0x0000027fe7fbafe0 Exception <a 'sun/nio/fs/WindowsException'{0x00000000c5326b10}> (0x00000000c5326b10) 
thrown [s\open\src\hotspot\share\prims\jni.cpp, line 516]
Event: 35.058 Thread 0x0000027fe7fbafe0 Exception <a 'sun/nio/fs/WindowsException'{0x00000000c5328ee8}> (0x00000000c5328ee8) 
thrown [s\open\src\hotspot\share\prims\jni.cpp, line 516]
Event: 35.058 Thread 0x0000027fe7fbafe0 Exception <a 'sun/nio/fs/WindowsException'{0x00000000c5329258}> (0x00000000c5329258) 
thrown [s\open\src\hotspot\share\prims\jni.cpp, line 516]
Event: 35.059 Thread 0x0000027fe7fbafe0 Exception <a 'sun/nio/fs/WindowsException'{0x00000000c532b830}> (0x00000000c532b830) 
thrown [s\open\src\hotspot\share\prims\jni.cpp, line 516]
Event: 35.059 Thread 0x0000027fe7fbafe0 Exception <a 'sun/nio/fs/WindowsException'{0x00000000c532bc40}> (0x00000000c532bc40) 
thrown [s\open\src\hotspot\share\prims\jni.cpp, line 516]
Event: 35.059 Thread 0x0000027fe7fbafe0 Exception <a 'sun/nio/fs/WindowsException'{0x00000000c532e308}> (0x00000000c532e308) 
thrown [s\open\src\hotspot\share\prims\jni.cpp, line 516]
Event: 35.059 Thread 0x0000027fe7fbafe0 Exception <a 'sun/nio/fs/WindowsException'{0x00000000c532e748}> (0x00000000c532e748) 
thrown [s\open\src\hotspot\share\prims\jni.cpp, line 516]
Event: 35.060 Thread 0x0000027fe7fbafe0 Exception <a 'sun/nio/fs/WindowsException'{0x00000000c5330de0}> (0x00000000c5330de0) 
thrown [s\open\src\hotspot\share\prims\jni.cpp, line 516]
Event: 35.060 Thread 0x0000027fe7fbafe0 Exception <a 'sun/nio/fs/WindowsException'{0x00000000c5331200}> (0x00000000c5331200) 
thrown [s\open\src\hotspot\share\prims\jni.cpp, line 516]
Event: 35.061 Thread 0x0000027fe7fbafe0 Exception <a 'sun/nio/fs/WindowsException'{0x00000000c533a228}> (0x00000000c533a228) 
thrown [s\open\src\hotspot\share\prims\jni.cpp, line 516]

VM Operations (20 events):
Event: 30.524 Executing VM operation: HandshakeAllThreads
Event: 30.524 Executing VM operation: HandshakeAllThreads done
Event: 30.524 Executing VM operation: HandshakeAllThreads
Event: 30.524 Executing VM operation: HandshakeAllThreads done
Event: 30.650 Executing VM operation: G1CollectForAllocation
Event: 30.658 Executing VM operation: G1CollectForAllocation done
Event: 30.675 Executing VM operation: HandshakeAllThreads
Event: 30.675 Executing VM operation: HandshakeAllThreads done
Event: 30.811 Executing VM operation: HandshakeAllThreads
Event: 30.811 Executing VM operation: HandshakeAllThreads done
Event: 31.821 Executing VM operation: Cleanup
Event: 31.822 Executing VM operation: Cleanup done
Event: 32.830 Executing VM operation: Cleanup
Event: 32.893 Executing VM operation: Cleanup done
Event: 33.350 Executing VM operation: G1CollectForAllocation
Event: 33.361 Executing VM operation: G1CollectForAllocation done
Event: 33.919 Executing VM operation: G1CollectForAllocation
Event: 33.929 Executing VM operation: G1CollectForAllocation done
Event: 34.938 Executing VM operation: Cleanup
Event: 34.938 Executing VM operation: Cleanup done

Events (20 events):
Event: 30.916 loading class jdk/internal/access/foreign/UnmapperProxy
Event: 30.916 loading class jdk/internal/access/foreign/UnmapperProxy done
Event: 30.916 loading class sun/nio/ch/FileChannelImpl$Unmapper done
Event: 30.916 loading class sun/nio/ch/FileChannelImpl$DefaultUnmapper done
Event: 30.916 loading class sun/nio/ch/Util$4
Event: 30.917 loading class sun/nio/ch/Util$4 done
Event: 30.928 loading class java/io/FileOutputStream$1
Event: 30.929 loading class java/io/FileOutputStream$1 done
Event: 32.347 Thread 0x0000027ff68aa020 Thread added: 0x0000027ff68aa020
Event: 32.347 Thread 0x0000027ff650b6e0 Thread added: 0x0000027ff650b6e0
Event: 32.348 Thread 0x0000027ff6c94f00 Thread added: 0x0000027ff6c94f00
Event: 32.348 Thread 0x0000027ff65f81c0 Thread added: 0x0000027ff65f81c0
Event: 32.348 Thread 0x0000027ffbcb3640 Thread added: 0x0000027ffbcb3640
Event: 32.761 Thread 0x0000027ff650b6e0 Thread exited: 0x0000027ff650b6e0
Event: 32.770 Thread 0x0000027ff65f81c0 Thread exited: 0x0000027ff65f81c0
Event: 32.770 Thread 0x0000027ffbcb3640 Thread exited: 0x0000027ffbcb3640
Event: 32.771 Thread 0x0000027ff6c94f00 Thread exited: 0x0000027ff6c94f00
Event: 32.771 Thread 0x0000027ff68aa020 Thread exited: 0x0000027ff68aa020
Event: 33.528 loading class java/nio/file/attribute/PosixFileAttributes
Event: 33.528 loading class java/nio/file/attribute/PosixFileAttributes done


Dynamic libraries:
0x00007ff73aed0000 - 0x00007ff73aee0000 	C:\Program Files\Java\jdk-17\bin\java.exe
0x00007ffb421f0000 - 0x00007ffb423e8000 	C:\Windows\SYSTEM32\ntdll.dll
0x00007ffb40240000 - 0x00007ffb402ff000 	C:\Windows\System32\KERNEL32.DLL
0x00007ffb3fc90000 - 0x00007ffb3ff62000 	C:\Windows\System32\KERNELBASE.dll
0x00007ffb400f0000 - 0x00007ffb401f0000 	C:\Windows\System32\ucrtbase.dll
0x00007ffb069e0000 - 0x00007ffb069f9000 	C:\Program Files\Java\jdk-17\bin\jli.dll
0x00007ffb42100000 - 0x00007ffb421ae000 	C:\Windows\System32\ADVAPI32.dll
0x00007ffb40db0000 - 0x00007ffb40e4e000 	C:\Windows\System32\msvcrt.dll
0x00007ffb414c0000 - 0x00007ffb4155c000 	C:\Windows\System32\sechost.dll
0x00007ffb40660000 - 0x00007ffb40784000 	C:\Windows\System32\RPCRT4.dll
0x00007ffb41130000 - 0x00007ffb412d1000 	C:\Windows\System32\USER32.dll
0x00007ffb400c0000 - 0x00007ffb400e2000 	C:\Windows\System32\win32u.dll
0x00007ffb41f90000 - 0x00007ffb41fbb000 	C:\Windows\System32\GDI32.dll
0x00007ffb3f990000 - 0x00007ffb3fa9f000 	C:\Windows\System32\gdi32full.dll
0x00007ffb3f8f0000 - 0x00007ffb3f98d000 	C:\Windows\System32\msvcp_win.dll
0x00007ffb35180000 - 0x00007ffb3519b000 	C:\Program Files\Java\jdk-17\bin\VCRUNTIME140.dll
0x00007ffb2dfb0000 - 0x00007ffb2e24a000 	C:\Windows\WinSxS\amd64_microsoft.windows.common-controls_6595b64144ccf1df_6.0.19041.1110_none_60b5254171f9507e\COMCTL32.dll
0x00007ffb379f0000 - 0x00007ffb379fa000 	C:\Windows\SYSTEM32\VERSION.dll
0x00007ffb40e50000 - 0x00007ffb40e80000 	C:\Windows\System32\IMM32.DLL
0x00007ffb35170000 - 0x00007ffb3517c000 	C:\Program Files\Java\jdk-17\bin\vcruntime140_1.dll
0x00007ffb1e690000 - 0x00007ffb1e71e000 	C:\Program Files\Java\jdk-17\bin\msvcp140.dll
0x00007ffafc8f0000 - 0x00007ffafd4ce000 	C:\Program Files\Java\jdk-17\bin\server\jvm.dll
0x00007ffb420f0000 - 0x00007ffb420f8000 	C:\Windows\System32\PSAPI.DLL
0x00007ffb351a0000 - 0x00007ffb351a9000 	C:\Windows\SYSTEM32\WSOCK32.dll
0x00007ffb40fb0000 - 0x00007ffb4101b000 	C:\Windows\System32\WS2_32.dll
0x00007ffb200a0000 - 0x00007ffb200c7000 	C:\Windows\SYSTEM32\WINMM.dll
0x00007ffb3e140000 - 0x00007ffb3e152000 	C:\Windows\SYSTEM32\kernel.appcore.dll
0x00007ffb31720000 - 0x00007ffb3172a000 	C:\Program Files\Java\jdk-17\bin\jimage.dll
0x00007ffb3de40000 - 0x00007ffb3e024000 	C:\Windows\SYSTEM32\DBGHELP.DLL
0x00007ffb20940000 - 0x00007ffb20975000 	C:\Windows\SYSTEM32\dbgcore.DLL
0x00007ffb3fc00000 - 0x00007ffb3fc82000 	C:\Windows\System32\bcryptPrimitives.dll
0x00007ffb35100000 - 0x00007ffb35125000 	C:\Program Files\Java\jdk-17\bin\java.dll
0x00007ffb14710000 - 0x00007ffb147e7000 	C:\Program Files\Java\jdk-17\bin\jsvml.dll
0x00007ffb41840000 - 0x00007ffb41f85000 	C:\Windows\System32\SHELL32.dll
0x00007ffb3d5d0000 - 0x00007ffb3dd62000 	C:\Windows\SYSTEM32\windows.storage.dll
0x00007ffb40300000 - 0x00007ffb40655000 	C:\Windows\System32\combase.dll
0x00007ffb3f2e0000 - 0x00007ffb3f310000 	C:\Windows\SYSTEM32\Wldp.dll
0x00007ffb41790000 - 0x00007ffb4183d000 	C:\Windows\System32\SHCORE.dll
0x00007ffb41460000 - 0x00007ffb414b5000 	C:\Windows\System32\shlwapi.dll
0x00007ffb3f830000 - 0x00007ffb3f84f000 	C:\Windows\SYSTEM32\profapi.dll
0x00007ffb31700000 - 0x00007ffb31719000 	C:\Program Files\Java\jdk-17\bin\net.dll
0x00007ffb2f440000 - 0x00007ffb2f54a000 	C:\Windows\SYSTEM32\WINHTTP.dll
0x00007ffb3efd0000 - 0x00007ffb3f03a000 	C:\Windows\system32\mswsock.dll
0x00007ffb2e5c0000 - 0x00007ffb2e5d6000 	C:\Program Files\Java\jdk-17\bin\nio.dll
0x00007ffb2e500000 - 0x00007ffb2e518000 	C:\Program Files\Java\jdk-17\bin\zip.dll
0x0000000069ac0000 - 0x0000000069ae4000 	C:\Program Files\NetBeans-18\netbeans\java\maven\lib\jansi-native\Windows\x86_64\jansi.dll
0x00007ffb3bfc0000 - 0x00007ffb3bfd0000 	C:\Program Files\Java\jdk-17\bin\verify.dll
0x00007ffb3f240000 - 0x00007ffb3f258000 	C:\Windows\SYSTEM32\CRYPTSP.dll
0x00007ffb3e8f0000 - 0x00007ffb3e924000 	C:\Windows\system32\rsaenh.dll
0x00007ffb3ff70000 - 0x00007ffb3ff97000 	C:\Windows\System32\bcrypt.dll
0x00007ffb3f7f0000 - 0x00007ffb3f81e000 	C:\Windows\SYSTEM32\USERENV.dll
0x00007ffb3f230000 - 0x00007ffb3f23c000 	C:\Windows\SYSTEM32\CRYPTBASE.dll
0x00007ffb3ecc0000 - 0x00007ffb3ecfb000 	C:\Windows\SYSTEM32\IPHLPAPI.DLL
0x00007ffb40fa0000 - 0x00007ffb40fa8000 	C:\Windows\System32\NSI.dll
0x00007ffb31190000 - 0x00007ffb311a7000 	C:\Windows\SYSTEM32\dhcpcsvc6.DLL
0x00007ffb34fe0000 - 0x00007ffb34ffd000 	C:\Windows\SYSTEM32\dhcpcsvc.DLL
0x00007ffb3ed00000 - 0x00007ffb3edcb000 	C:\Windows\SYSTEM32\DNSAPI.dll
0x00007ffb2dc00000 - 0x00007ffb2dc0a000 	C:\Windows\System32\rasadhlp.dll
0x00007ffb2dc90000 - 0x00007ffb2dd10000 	C:\Windows\System32\fwpuclnt.dll
0x00007ffb3aad0000 - 0x00007ffb3aade000 	C:\Program Files\Java\jdk-17\bin\sunmscapi.dll
0x00007ffb3faa0000 - 0x00007ffb3fbf6000 	C:\Windows\System32\CRYPT32.dll
0x00007ffb3f350000 - 0x00007ffb3f377000 	C:\Windows\SYSTEM32\ncrypt.dll
0x00007ffb3f310000 - 0x00007ffb3f34b000 	C:\Windows\SYSTEM32\NTASN1.dll
0x00007ffb3ea10000 - 0x00007ffb3ea43000 	C:\Windows\SYSTEM32\ntmarta.dll

dbghelp: loaded successfully - version: 4.0.5 - missing functions: none
symbol engine: initialized successfully - sym options: 0x614 - pdb path: .;C:\Program Files\Java\jdk-17\bin;C:\Windows\SYSTEM32;C:\Windows\WinSxS\amd64_microsoft.windows.common-controls_6595b64144ccf1df_6.0.19041.1110_none_60b5254171f9507e;C:\Program Files\Java\jdk-17\bin\server;C:\Program Files\NetBeans-18\netbeans\java\maven\lib\jansi-native\Windows\x86_64

VM Arguments:
jvm_args: -Dclassworlds.conf=C:\Program Files\NetBeans-18\netbeans\java\maven\bin\m2.conf -Dmaven.home=C:\Program Files\NetBeans-18\netbeans\java\maven -Dlibrary.jansi.path=C:\Program Files\NetBeans-18\netbeans\java\maven\lib\jansi-native -Dmaven.multiModuleProjectDirectory=C:\Users\MINEDUCYT\Documents\NetBeansProjects\JWT-authentication.JAVA\MavenD.Web 
java_command: org.codehaus.plexus.classworlds.launcher.Launcher -Dmaven.ext.class.path=C:\Program Files\NetBeans-18\netbeans\java\maven-nblib\netbeans-eventspy.jar -Dfile.encoding=UTF-8 --no-transfer-progress clean install
java_class_path (initial): C:\Program Files\NetBeans-18\netbeans\java\maven\boot\plexus-classworlds-2.6.0.jar
Launcher Type: SUN_STANDARD

[Global flags]
     intx CICompilerCount                          = 3                                         {product} {ergonomic}
     uint ConcGCThreads                            = 1                                         {product} {ergonomic}
     uint G1ConcRefinementThreads                  = 4                                         {product} {ergonomic}
   size_t G1HeapRegionSize                         = 1048576                                   {product} {ergonomic}
    uintx GCDrainStackTargetSize                   = 64                                        {product} {ergonomic}
   size_t InitialHeapSize                          = 65011712                                  {product} {ergonomic}
   size_t MarkStackSize                            = 4194304                                   {product} {ergonomic}
   size_t MaxHeapSize                              = 1021313024                                {product} {ergonomic}
   size_t MaxNewSize                               = 612368384                                 {product} {ergonomic}
   size_t MinHeapDeltaBytes                        = 1048576                                   {product} {ergonomic}
   size_t MinHeapSize                              = 8388608                                   {product} {ergonomic}
    uintx NonNMethodCodeHeapSize                   = 5832780                                {pd product} {ergonomic}
    uintx NonProfiledCodeHeapSize                  = 122912730                              {pd product} {ergonomic}
    uintx ProfiledCodeHeapSize                     = 122912730                              {pd product} {ergonomic}
    uintx ReservedCodeCacheSize                    = 251658240                              {pd product} {ergonomic}
     bool SegmentedCodeCache                       = true                                      {product} {ergonomic}
   size_t SoftMaxHeapSize                          = 1021313024                             {manageable} {ergonomic}
     bool UseCompressedClassPointers               = true                           {product lp64_product} {ergonomic}
     bool UseCompressedOops                        = true                           {product lp64_product} {ergonomic}
     bool UseG1GC                                  = true                                      {product} {ergonomic}
     bool UseLargePagesIndividualAllocation        = false                                  {pd product} {ergonomic}

Logging:
Log output configuration:
 #0: stdout all=warning uptime,level,tags
 #1: stderr all=off uptime,level,tags

Environment Variables:
JAVA_HOME=C:\Program Files\Java\jdk-17
PATH=C:\Program Files\Java\bin\;C:\Program Files\Common Files\Oracle\Java\javapath;C:\Windows\system32;C:\Windows;C:\Windows\System32\Wbem;C:\Windows\System32\WindowsPowerShell\v1.0\;C:\Windows\System32\OpenSSH\;C:\Program Files\Microsoft SQL Server\150\Tools\Binn\;C:\Program Files\Microsoft SQL Server\Client SDK\ODBC\170\Tools\Binn\;C:\Program Files (x86)\Microsoft SQL Server\150\Tools\Binn\;C:\Program Files\Microsoft SQL Server\150\DTS\Binn\;C:\Program Files\dotnet\;C:\Program Files (x86)\Microsoft SQL Server\160\Tools\Binn\;C:\Program Files\Microsoft SQL Server\160\Tools\Binn\;C:\Program Files\Microsoft SQL Server\160\DTS\Binn\;C:\Program Files (x86)\Microsoft SQL Server\150\DTS\Binn\;C:\Program Files\Git\cmd;C:\Users\MINEDUCYT\AppData\Local\Microsoft\WindowsApps;;C:\Program Files\Azure Data Studio\bin;C:\Users\MINEDUCYT\.dotnet\tools
USERNAME=MINEDUCYT
OS=Windows_NT
PROCESSOR_IDENTIFIER=Intel64 Family 6 Model 156 Stepping 0, GenuineIntel



---------------  S Y S T E M  ---------------

OS:
 Windows 10 , 64 bit Build 19041 (10.0.19041.2546)
OS uptime: 10 days 11:52 hours

CPU: total 4 (initial active 4) (4 cores per cpu, 1 threads per core) family 6 model 156 stepping 0 microcode 0x24000023, cx8, cmov, fxsr, mmx, 3dnowpref, sse, sse2, sse3, ssse3, sse4.1, sse4.2, popcnt, tsc, tscinvbit, aes, erms, clmul, sha, clflush, clflushopt, clwb

Memory: 4k page, system-wide physical 3892M (315M free)
TotalPageFile size 15668M (AvailPageFile size 9M)
current process WorkingSet (physical memory assigned to process): 169M, peak: 169M
current process commit charge ("private bytes"): 200M, peak: 200M

vm_info: Java HotSpot(TM) 64-Bit Server VM (17.0.8+9-LTS-211) for windows-amd64 JRE (17.0.8+9-LTS-211), built on Jun 14 2023 10:34:31 by "mach5one" with MS VC++ 17.1 (VS2022)

END.
